0 info it worked if it ends with ok
1 verbose cli [
1 verbose cli   'C:\\Program Files\\nodejs\\node.exe',
1 verbose cli   'C:\\Program Files\\nodejs\\node_modules\\npm\\bin\\npm-cli.js',
1 verbose cli   'install',
1 verbose cli   'jquery',
1 verbose cli   '—',
1 verbose cli   'save'
1 verbose cli ]
2 info using npm@6.13.4
3 info using node@v12.16.1
4 verbose npm-session a6859625202aa105
5 silly install loadCurrentTree
6 silly install readLocalPackageData
7 silly fetchPackageMetaData error for jquery@^3.4.1 install jquery — save is not a legal HTTP header value
8 silly fetchPackageMetaData error for save@^2.4.0 install jquery — save is not a legal HTTP header value
9 timing stage:rollbackFailedOptional Completed in 1ms
10 timing stage:runTopLevelLifecycles Completed in 1425ms
11 verbose stack Error: Invalid tag name "—": Tags may not have any characters that encodeURIComponent encodes.
11 verbose stack     at invalidTagName (C:\Program Files\nodejs\node_modules\npm\node_modules\npm-package-arg\npa.js:91:15)
11 verbose stack     at fromRegistry (C:\Program Files\nodejs\node_modules\npm\node_modules\npm-package-arg\npa.js:296:13)
11 verbose stack     at resolve (C:\Program Files\nodejs\node_modules\npm\node_modules\npm-package-arg\npa.js:81:12)
11 verbose stack     at npa (C:\Program Files\nodejs\node_modules\npm\node_modules\npm-package-arg\npa.js:52:10)
11 verbose stack     at C:\Program Files\nodejs\node_modules\npm\lib\install\deps.js:227:14
11 verbose stack     at C:\Program Files\nodejs\node_modules\npm\node_modules\slide\lib\async-map.js:52:35
11 verbose stack     at Array.forEach (<anonymous>)
11 verbose stack     at C:\Program Files\nodejs\node_modules\npm\node_modules\slide\lib\async-map.js:52:11
11 verbose stack     at Array.forEach (<anonymous>)
11 verbose stack     at asyncMap (C:\Program Files\nodejs\node_modules\npm\node_modules\slide\lib\async-map.js:51:8)
11 verbose stack     at exports.getAllMetadata (C:\Program Files\nodejs\node_modules\npm\lib\install\deps.js:224:3)
11 verbose stack     at Installer.loadArgMetadata (C:\Program Files\nodejs\node_modules\npm\lib\install.js:366:3)
11 verbose stack     at C:\Program Files\nodejs\node_modules\npm\lib\install.js:701:16
11 verbose stack     at C:\Program Files\nodejs\node_modules\npm\lib\install\read-shrinkwrap.js:33:16
11 verbose stack     at tryCatcher (C:\Program Files\nodejs\node_modules\npm\node_modules\bluebird\js\release\util.js:16:23)
11 verbose stack     at Promise._settlePromiseFromHandler (C:\Program Files\nodejs\node_modules\npm\node_modules\bluebird\js\release\promise.js:517:31)
12 verbose cwd C:\Users\Vinicius Rocha\IdeaProjects\angular-rest-web
13 verbose Windows_NT 10.0.18363
14 verbose argv "C:\\Program Files\\nodejs\\node.exe" "C:\\Program Files\\nodejs\\node_modules\\npm\\bin\\npm-cli.js" "install" "jquery" "—" "save"
15 verbose node v12.16.1
16 verbose npm  v6.13.4
17 error code EINVALIDTAGNAME
18 error Invalid tag name "—": Tags may not have any characters that encodeURIComponent encodes.
19 verbose exit [ 1, true ]
